2026-04-30 16:14:17 [INFO] xhg_crawler: 开始爬取 4 个列表页
2026-04-30 16:14:17 [INFO] xhg_crawler: [1/4] https://xhg20260430.xhg303.one/forum.php?mod=forumdisplay&fid=2
2026-04-30 16:14:17 [INFO] xhg_crawler: 正在爬取列表页: https://xhg20260430.xhg303.one/forum.php?mod=forumdisplay&fid=2
2026-04-30 16:14:19 [INFO] xhg_crawler: 从 https://xhg20260430.xhg303.one/forum.php?mod=forumdisplay&fid=2 提取到 0 条记录
2026-04-30 16:14:19 [INFO] xhg_crawler: 页面处理完成: 提取 0 条, 新增 0 条, 跳过 0 条
2026-04-30 16:14:19 [INFO] xhg_crawler: [2/4] https://xhg20260430.xhg303.one/forum.php?mod=forumdisplay&fid=47
2026-04-30 16:14:19 [INFO] xhg_crawler: 正在爬取列表页: https://xhg20260430.xhg303.one/forum.php?mod=forumdisplay&fid=47
2026-04-30 16:14:21 [INFO] xhg_crawler: 从 https://xhg20260430.xhg303.one/forum.php?mod=forumdisplay&fid=47 提取到 0 条记录
2026-04-30 16:14:21 [INFO] xhg_crawler: 页面处理完成: 提取 0 条, 新增 0 条, 跳过 0 条
2026-04-30 16:14:21 [INFO] xhg_crawler: [3/4] https://xhg20260430.xhg303.one/forum.php?mod=forumdisplay&fid=40
2026-04-30 16:14:21 [INFO] xhg_crawler: 正在爬取列表页: https://xhg20260430.xhg303.one/forum.php?mod=forumdisplay&fid=40
2026-04-30 16:14:22 [INFO] xhg_crawler: 从 https://xhg20260430.xhg303.one/forum.php?mod=forumdisplay&fid=40 提取到 0 条记录
2026-04-30 16:14:22 [INFO] xhg_crawler: 页面处理完成: 提取 0 条, 新增 0 条, 跳过 0 条
2026-04-30 16:14:22 [INFO] xhg_crawler: [4/4] https://xhg20260430.xhg303.one/portal.php
2026-04-30 16:14:22 [INFO] xhg_crawler: 正在爬取列表页: https://xhg20260430.xhg303.one/portal.php
2026-04-30 16:14:24 [INFO] xhg_crawler: 从 https://xhg20260430.xhg303.one/portal.php 提取到 0 条记录
2026-04-30 16:14:24 [INFO] xhg_crawler: 页面处理完成: 提取 0 条, 新增 0 条, 跳过 0 条
2026-04-30 16:14:24 [INFO] xhg_crawler: ==================================================
2026-04-30 16:14:24 [INFO] xhg_crawler: 爬取汇总:
2026-04-30 16:14:24 [INFO] xhg_crawler:   页面数: 4
2026-04-30 16:14:24 [INFO] xhg_crawler:   提取记录: 0
2026-04-30 16:14:24 [INFO] xhg_crawler:   新增记录: 0
2026-04-30 16:14:24 [INFO] xhg_crawler:   跳过记录: 0
2026-04-30 16:14:24 [INFO] xhg_crawler:   错误次数: 0
2026-04-30 16:14:24 [INFO] xhg_crawler:   总存储记录: 5
2026-04-30 16:14:24 [INFO] xhg_crawler: ==================================================
2026-04-30 16:34:55 [INFO] xhg_crawler: 开始爬取 1 个列表页
2026-04-30 16:34:55 [INFO] xhg_crawler: [1/1] https://xhg20260430.xhg303.one/forum.php?mod=forumdisplay&fid=2
2026-04-30 16:34:55 [INFO] xhg_crawler: 正在爬取列表页: https://xhg20260430.xhg303.one/forum.php?mod=forumdisplay&fid=2
2026-04-30 16:34:57 [INFO] xhg_crawler: 从 https://xhg20260430.xhg303.one/forum.php?mod=forumdisplay&fid=2 提取到 21 条记录
2026-04-30 16:34:57 [INFO] xhg_crawler: CSV已导出: output\list_data.csv (26 条记录)
2026-04-30 16:34:57 [INFO] xhg_crawler: 页面处理完成: 提取 21 条, 新增 21 条, 跳过 0 条
2026-04-30 16:34:57 [INFO] xhg_crawler: ==================================================
2026-04-30 16:34:57 [INFO] xhg_crawler: 爬取汇总:
2026-04-30 16:34:57 [INFO] xhg_crawler:   页面数: 1
2026-04-30 16:34:57 [INFO] xhg_crawler:   提取记录: 21
2026-04-30 16:34:57 [INFO] xhg_crawler:   新增记录: 21
2026-04-30 16:34:57 [INFO] xhg_crawler:   跳过记录: 0
2026-04-30 16:34:57 [INFO] xhg_crawler:   错误次数: 0
2026-04-30 16:34:57 [INFO] xhg_crawler:   总存储记录: 26
2026-04-30 16:34:57 [INFO] xhg_crawler: ==================================================
